C:\USERS\ADMIN\ONEDRIVE\DESKTOP\STARWARGAME\STARWARGAME\DEBUG\STARWARGAME.PCH
C:\USERS\ADMIN\ONEDRIVE\DESKTOP\STARWARGAME\STARWARGAME\DEBUG\STDAFX.OBJ
C:\USERS\ADMIN\ONEDRIVE\DESKTOP\STARWARGAME\STARWARGAME\DEBUG\VC110.PDB
C:\USERS\ADMIN\ONEDRIVE\DESKTOP\STARWARGAME\STARWARGAME\DEBUG\MAIN.OBJ
C:\USERS\ADMIN\ONEDRIVE\DESKTOP\STARWARGAME\DEBUG\STARWARGAME.ILK
C:\USERS\ADMIN\ONEDRIVE\DESKTOP\STARWARGAME\DEBUG\STARWARGAME.EXE
C:\USERS\ADMIN\ONEDRIVE\DESKTOP\STARWARGAME\DEBUG\STARWARGAME.PDB
C:\Users\admin\OneDrive\Desktop\StarWarGame\StarWarGame\Debug\main.obj
C:\Users\admin\OneDrive\Desktop\StarWarGame\StarWarGame\Debug\stdafx.obj
C:\Users\admin\OneDrive\Desktop\StarWarGame\StarWarGame\Debug\cl.command.1.tlog
C:\Users\admin\OneDrive\Desktop\StarWarGame\StarWarGame\Debug\CL.read.1.tlog
C:\Users\admin\OneDrive\Desktop\StarWarGame\StarWarGame\Debug\CL.write.1.tlog
C:\Users\admin\OneDrive\Desktop\StarWarGame\StarWarGame\Debug\link-cvtres.read.1.tlog
C:\Users\admin\OneDrive\Desktop\StarWarGame\StarWarGame\Debug\link-cvtres.write.1.tlog
C:\Users\admin\OneDrive\Desktop\StarWarGame\StarWarGame\Debug\link-rc.read.1.tlog
C:\Users\admin\OneDrive\Desktop\StarWarGame\StarWarGame\Debug\link-rc.write.1.tlog
C:\Users\admin\OneDrive\Desktop\StarWarGame\StarWarGame\Debug\link.command.1.tlog
C:\Users\admin\OneDrive\Desktop\StarWarGame\StarWarGame\Debug\link.read.1.tlog
C:\Users\admin\OneDrive\Desktop\StarWarGame\StarWarGame\Debug\link.write.1.tlog
C:\Users\admin\OneDrive\Desktop\StarWarGame\StarWarGame\Debug\StarWarGame.pch
C:\Users\admin\OneDrive\Desktop\StarWarGame\StarWarGame\Debug\vc110.idb
C:\Users\admin\OneDrive\Desktop\StarWarGame\StarWarGame\Debug\vc110.pdb
C:\Users\admin\OneDrive\Desktop\StarWarGame\Debug\StarWarGame.pdb
C:\Users\admin\OneDrive\Desktop\StarWarGame\Debug\StarWarGame.exe
C:\Users\admin\OneDrive\Desktop\StarWarGame\Debug\StarWarGame.ilk
